# JRE version: Java(TM) SE Runtime Environment (17.0.3.1+2) (build 17.0.3.1+2-LTS-6)
# Java VM: Java HotSpot(TM) 64-Bit Server VM (17.0.3.1+2-LTS-6, mixed mode, sharing, tiered, compressed oops, compressed class ptrs, g1 gc, windows-amd64)
GC Precious Log:
 CPUs: 6 total, 6 available
 Memory: 8108M
 Large Page Support: Disabled
 NUMA Support: Disabled
 Compressed Oops: Enabled (32-bit)
 Heap Region Size: 1M
 Heap Min Capacity: 8M
 Heap Initial Capacity: 128M
 Heap Max Capacity: 2028M
 Pre-touch: Disabled
 Parallel Workers: 6
 Concurrent Workers: 2
 Concurrent Refinement Workers: 6
 Periodic GC: Disabled
Heap:
 garbage-first heap   total 75776K, used 24433K [0x0000000081400000, 0x0000000100000000)
  region size 1024K, 10 young (10240K), 6 survivors (6144K)
 Metaspace       used 36272K, committed 36608K, reserved 1089536K
  class space    used 4535K, committed 4672K, reserved 1048576K
GC Heap History (20 events):
Event: 1.017 GC heap before
{Heap before GC invocations=1 (full 0):
 garbage-first heap   total 131072K, used 30614K [0x0000000081400000, 0x0000000100000000)
  region size 1024K, 27 young (27648K), 3 survivors (3072K)
 Metaspace       used 7570K, committed 7680K, reserved 1056768K
  class space    used 793K, committed 832K, reserved 1048576K
}
Event: 1.019 GC heap after
{Heap after GC invocations=2 (full 0):
 garbage-first heap   total 131072K, used 7192K [0x0000000081400000, 0x0000000100000000)
  region size 1024K, 1 young (1024K), 1 survivors (1024K)
 Metaspace       used 7570K, committed 7680K, reserved 1056768K
  class space    used 793K, committed 832K, reserved 1048576K
}
Event: 1.471 GC heap before
{Heap before GC invocations=2 (full 0):
 garbage-first heap   total 131072K, used 77848K [0x0000000081400000, 0x0000000100000000)
  region size 1024K, 70 young (71680K), 1 survivors (1024K)
 Metaspace       used 14914K, committed 15040K, reserved 1064960K
  class space    used 1885K, committed 1920K, reserved 1048576K
}
Event: 1.474 GC heap after
{Heap after GC invocations=3 (full 0):
 garbage-first heap   total 131072K, used 9494K [0x0000000081400000, 0x0000000100000000)
  region size 1024K, 4 young (4096K), 4 survivors (4096K)
 Metaspace       used 14914K, committed 15040K, reserved 1064960K
  class space    used 1885K, committed 1920K, reserved 1048576K
}
Event: 1.760 GC heap before
{Heap before GC invocations=3 (full 0):
 garbage-first heap   total 131072K, used 82198K [0x0000000081400000, 0x0000000100000000)
  region size 1024K, 76 young (77824K), 4 survivors (4096K)
 Metaspace       used 20867K, committed 21184K, reserved 1073152K
  class space    used 2539K, committed 2688K, reserved 1048576K
}
Event: 1.764 GC heap after
{Heap after GC invocations=4 (full 0):
 garbage-first heap   total 131072K, used 13033K [0x0000000081400000, 0x0000000100000000)
  region size 1024K, 7 young (7168K), 7 survivors (7168K)
 Metaspace       used 20867K, committed 21184K, reserved 1073152K
  class space    used 2539K, committed 2688K, reserved 1048576K
}
Event: 1.780 GC heap before
{Heap before GC invocations=4 (full 0):
 garbage-first heap   total 131072K, used 19177K [0x0000000081400000, 0x0000000100000000)
  region size 1024K, 14 young (14336K), 7 survivors (7168K)
 Metaspace       used 21269K, committed 21504K, reserved 1073152K
  class space    used 2566K, committed 2688K, reserved 1048576K
}
Event: 1.784 GC heap after
{Heap after GC invocations=5 (full 0):
 garbage-first heap   total 131072K, used 13319K [0x0000000081400000, 0x0000000100000000)
  region size 1024K, 4 young (4096K), 4 survivors (4096K)
 Metaspace       used 21269K, committed 21504K, reserved 1073152K
  class space    used 2566K, committed 2688K, reserved 1048576K
}
Event: 1.908 GC heap before
{Heap before GC invocations=6 (full 0):
 garbage-first heap   total 55296K, used 45063K [0x0000000081400000, 0x0000000100000000)
  region size 1024K, 36 young (36864K), 4 survivors (4096K)
 Metaspace       used 23702K, committed 23936K, reserved 1073152K
  class space    used 2833K, committed 2944K, reserved 1048576K
}
Event: 1.911 GC heap after
{Heap after GC invocations=7 (full 0):
 garbage-first heap   total 55296K, used 13832K [0x0000000081400000, 0x0000000100000000)
  region size 1024K, 5 young (5120K), 5 survivors (5120K)
 Metaspace       used 23702K, committed 23936K, reserved 1073152K
  class space    used 2833K, committed 2944K, reserved 1048576K
}
Event: 1.914 GC heap before
{Heap before GC invocations=7 (full 0):
 garbage-first heap   total 55296K, used 14856K [0x0000000081400000, 0x0000000100000000)
  region size 1024K, 6 young (6144K), 5 survivors (5120K)
 Metaspace       used 23760K, committed 24000K, reserved 1073152K
  class space    used 2840K, committed 2944K, reserved 1048576K
}
Event: 1.917 GC heap after
{Heap after GC invocations=8 (full 0):
 garbage-first heap   total 55296K, used 14236K [0x0000000081400000, 0x0000000100000000)
  region size 1024K, 1 young (1024K), 1 survivors (1024K)
 Metaspace       used 23760K, committed 24000K, reserved 1073152K
  class space    used 2840K, committed 2944K, reserved 1048576K
}
Event: 2.038 GC heap before
{Heap before GC invocations=8 (full 0):
 garbage-first heap   total 55296K, used 40860K [0x0000000081400000, 0x0000000100000000)
  region size 1024K, 27 young (27648K), 1 survivors (1024K)
 Metaspace       used 25622K, committed 25856K, reserved 1073152K
  class space    used 3093K, committed 3200K, reserved 1048576K
}
Event: 2.040 GC heap after
{Heap after GC invocations=9 (full 0):
 garbage-first heap   total 55296K, used 14496K [0x0000000081400000, 0x0000000100000000)
  region size 1024K, 1 young (1024K), 1 survivors (1024K)
 Metaspace       used 25622K, committed 25856K, reserved 1073152K
  class space    used 3093K, committed 3200K, reserved 1048576K
}
Event: 2.275 GC heap before
{Heap before GC invocations=9 (full 0):
 garbage-first heap   total 55296K, used 42144K [0x0000000081400000, 0x0000000100000000)
  region size 1024K, 28 young (28672K), 1 survivors (1024K)
 Metaspace       used 27295K, committed 27520K, reserved 1073152K
  class space    used 3330K, committed 3456K, reserved 1048576K
}
Event: 2.278 GC heap after
{Heap after GC invocations=10 (full 0):
 garbage-first heap   total 114688K, used 15538K [0x0000000081400000, 0x0000000100000000)
  region size 1024K, 2 young (2048K), 2 survivors (2048K)
 Metaspace       used 27295K, committed 27520K, reserved 1073152K
  class space    used 3330K, committed 3456K, reserved 1048576K
}
Event: 4.434 GC heap before
{Heap before GC invocations=10 (full 0):
 garbage-first heap   total 114688K, used 82098K [0x0000000081400000, 0x0000000100000000)
  region size 1024K, 67 young (68608K), 2 survivors (2048K)
 Metaspace       used 33232K, committed 33536K, reserved 1081344K
  class space    used 4088K, committed 4224K, reserved 1048576K
}
Event: 4.437 GC heap after
{Heap after GC invocations=11 (full 0):
 garbage-first heap   total 114688K, used 19706K [0x0000000081400000, 0x0000000100000000)
  region size 1024K, 6 young (6144K), 6 survivors (6144K)
 Metaspace       used 33232K, committed 33536K, reserved 1081344K
  class space    used 4088K, committed 4224K, reserved 1048576K
}
Event: 30.789 GC heap before
{Heap before GC invocations=11 (full 0):
 garbage-first heap   total 114688K, used 54522K [0x0000000081400000, 0x0000000100000000)
  region size 1024K, 42 young (43008K), 6 survivors (6144K)
 Metaspace       used 35818K, committed 36096K, reserved 1081344K
  class space    used 4469K, committed 4608K, reserved 1048576K
}
Event: 30.793 GC heap after
{Heap after GC invocations=12 (full 0):
 garbage-first heap   total 114688K, used 21361K [0x0000000081400000, 0x0000000100000000)
  region size 1024K, 6 young (6144K), 6 survivors (6144K)
 Metaspace       used 35818K, committed 36096K, reserved 1081344K
  class space    used 4469K, committed 4608K, reserved 1048576K
}

